<?xml version="1.0" encoding="UTF-8"?>
<!-- Generated by org.testng.reporters.JUnitReportReporter -->
<testsuite hostname="X-CDN-QUANH" name="parse.responseCookie" tests="1" failures="0" timestamp="17 Dec 2017 07:51:30 GMT" time="0.086" errors="0">
  <testcase name="responseCookieTest" time="0.086" classname="parse.responseCookie"/>
</testsuite> <!-- parse.responseCookie -->
