<?xml version="1.0" encoding="UTF-8"?>
<!-- Generated by org.testng.reporters.JUnitReportReporter -->
<testsuite hostname="X-CDN-QUANH" name="parse.responseBody" tests="1" failures="0" timestamp="17 Dec 2017 07:51:30 GMT" time="2.654" errors="0">
  <testcase name="multiJsonArrayTest" time="2.654" classname="parse.responseBody"/>
</testsuite> <!-- parse.responseBody -->
