<?xml version="1.0" encoding="UTF-8"?>
<!-- Generated by org.testng.reporters.JUnitReportReporter -->
<testsuite hostname="X-CDN-QUANH" name="apis.Body" tests="3" failures="0" timestamp="16 Dec 2017 04:05:01 GMT" time="2.151" errors="0">
  <testcase name="jsonBodyTest" time="0.037" classname="apis.Body"/>
  <testcase name="fileUploadBodyTest" time="0.131" classname="apis.Body"/>
  <testcase name="formDataBodyTest" time="1.983" classname="apis.Body"/>
</testsuite> <!-- apis.Body -->
