<?xml version="1.0" encoding="UTF-8"?>
<!-- Generated by org.testng.reporters.JUnitReportReporter -->
<testsuite hostname="X-CDN-QUANH" name="parse.responseHeader" tests="1" failures="0" timestamp="17 Dec 2017 07:51:30 GMT" time="0.029" errors="0">
  <testcase name="responseHeaderTest" time="0.029" classname="parse.responseHeader"/>
</testsuite> <!-- parse.responseHeader -->
